[2014-05-15 23:28:15] event.DEBUG: Notified event "kernel.request" to listener "Symfony\Component\HttpKernel\EventListener\ProfilerListener::onKernelRequest". [] []
[2014-05-15 23:28:15] event.DEBUG: Notified event "kernel.request" to listener "Symfony\Bundle\FrameworkBundle\EventListener\SessionListener::onKernelRequest". [] []
[2014-05-15 23:28:15] event.DEBUG: Notified event "kernel.request" to listener "Symfony\Component\HttpKernel\EventListener\FragmentListener::onKernelRequest". [] []
[2014-05-15 23:28:15] event.DEBUG: Notified event "kernel.request" to listener "Symfony\Component\HttpKernel\EventListener\RouterListener::onKernelRequest". [] []
[2014-05-15 23:28:15] request.INFO: Matched route "VAMAB_homepage" (parameters: "_controller": "VDG\AulasMentor\AlimentosBundle\Controller\DefaultController::indexAction", "_route": "VAMAB_homepage") [] []
[2014-05-15 23:28:15] event.DEBUG: Notified event "kernel.request" to listener "Symfony\Component\HttpKernel\EventListener\LocaleListener::onKernelRequest". [] []
[2014-05-15 23:28:15] event.DEBUG: Notified event "kernel.request" to listener "Symfony\Component\Security\Http\Firewall::onKernelRequest". [] []
[2014-05-15 23:28:15] event.DEBUG: Notified event "kernel.request" to listener "Symfony\Bundle\AsseticBundle\EventListener\RequestListener::onKernelRequest". [] []
[2014-05-15 23:28:15] event.DEBUG: Notified event "kernel.request" to listener "Symfony\Component\HttpKernel\EventListener\ErrorsLoggerListener::injectLogger". [] []
[2014-05-15 23:28:15] event.DEBUG: Notified event "kernel.request" to listener "Symfony\Component\HttpKernel\EventListener\ErrorsLoggerListener::injectLogger". [] []
[2014-05-15 23:28:16] event.DEBUG: Notified event "kernel.controller" to listener "Symfony\Bundle\FrameworkBundle\DataCollector\RouterDataCollector::onKernelController". [] []
[2014-05-15 23:28:16] event.DEBUG: Notified event "kernel.controller" to listener "Acme\DemoBundle\EventListener\ControllerListener::onKernelController". [] []
[2014-05-15 23:28:16] event.DEBUG: Notified event "kernel.controller" to listener "Symfony\Component\HttpKernel\DataCollector\RequestDataCollector::onKernelController". [] []
[2014-05-15 23:28:16] event.DEBUG: Notified event "kernel.controller" to listener "Sensio\Bundle\FrameworkExtraBundle\EventListener\ControllerListener::onKernelController". [] []
[2014-05-15 23:28:16] event.DEBUG: Notified event "kernel.controller" to listener "Sensio\Bundle\FrameworkExtraBundle\EventListener\ParamConverterListener::onKernelController". [] []
[2014-05-15 23:28:16] event.DEBUG: Notified event "kernel.controller" to listener "Sensio\Bundle\FrameworkExtraBundle\EventListener\HttpCacheListener::onKernelController". [] []
[2014-05-15 23:28:16] event.DEBUG: Notified event "kernel.controller" to listener "Sensio\Bundle\FrameworkExtraBundle\EventListener\SecurityListener::onKernelController". [] []
[2014-05-15 23:28:16] event.DEBUG: Notified event "kernel.controller" to listener "Sensio\Bundle\FrameworkExtraBundle\EventListener\TemplateListener::onKernelController". [] []
[2014-05-15 23:28:16] event.DEBUG: Notified event "kernel.response" to listener "Symfony\Component\HttpKernel\EventListener\ResponseListener::onKernelResponse". [] []
[2014-05-15 23:28:16] event.DEBUG: Notified event "kernel.response" to listener "Symfony\Component\Security\Http\RememberMe\ResponseListener::onKernelResponse". [] []
[2014-05-15 23:28:16] event.DEBUG: Notified event "kernel.response" to listener "Sensio\Bundle\FrameworkExtraBundle\EventListener\HttpCacheListener::onKernelResponse". [] []
[2014-05-15 23:28:16] event.DEBUG: Notified event "kernel.response" to listener "Symfony\Component\HttpKernel\EventListener\ProfilerListener::onKernelResponse". [] []
[2014-05-15 23:28:16] event.DEBUG: Notified event "kernel.response" to listener "Symfony\Component\HttpKernel\EventListener\StreamedResponseListener::onKernelResponse". [] []
[2014-05-15 23:28:16] event.DEBUG: Notified event "kernel.finish_request" to listener "Symfony\Component\HttpKernel\EventListener\LocaleListener::onKernelFinishRequest". [] []
[2014-05-15 23:28:16] event.DEBUG: Notified event "kernel.finish_request" to listener "Symfony\Component\HttpKernel\EventListener\RouterListener::onKernelFinishRequest". [] []
[2014-05-15 23:28:16] event.DEBUG: Notified event "kernel.finish_request" to listener "Symfony\Component\Security\Http\Firewall::onKernelFinishRequest". [] []
[2014-05-15 23:28:16] event.DEBUG: Notified event "kernel.terminate" to listener "Symfony\Bundle\SwiftmailerBundle\EventListener\EmailSenderListener::onTerminate". [] []
[2014-05-15 23:28:16] event.DEBUG: Notified event "kernel.terminate" to listener "Symfony\Component\HttpKernel\EventListener\ProfilerListener::onKernelTerminate". [] []
[2014-05-15 23:28:29] event.DEBUG: Notified event "kernel.request" to listener "Symfony\Component\HttpKernel\EventListener\ProfilerListener::onKernelRequest". [] []
[2014-05-15 23:28:29] event.DEBUG: Notified event "kernel.request" to listener "Symfony\Bundle\FrameworkBundle\EventListener\SessionListener::onKernelRequest". [] []
[2014-05-15 23:28:29] event.DEBUG: Notified event "kernel.request" to listener "Symfony\Component\HttpKernel\EventListener\FragmentListener::onKernelRequest". [] []
[2014-05-15 23:28:29] event.DEBUG: Notified event "kernel.request" to listener "Symfony\Component\HttpKernel\EventListener\RouterListener::onKernelRequest". [] []
[2014-05-15 23:28:29] request.INFO: Matched route "VAMAB_homepage" (parameters: "_controller": "VDG\AulasMentor\AlimentosBundle\Controller\DefaultController::indexAction", "_route": "VAMAB_homepage") [] []
[2014-05-15 23:28:29] event.DEBUG: Notified event "kernel.request" to listener "Symfony\Component\HttpKernel\EventListener\LocaleListener::onKernelRequest". [] []
[2014-05-15 23:28:29] event.DEBUG: Notified event "kernel.request" to listener "Symfony\Component\Security\Http\Firewall::onKernelRequest". [] []
[2014-05-15 23:28:29] event.DEBUG: Notified event "kernel.request" to listener "Symfony\Bundle\AsseticBundle\EventListener\RequestListener::onKernelRequest". [] []
[2014-05-15 23:28:29] event.DEBUG: Notified event "kernel.request" to listener "Symfony\Component\HttpKernel\EventListener\ErrorsLoggerListener::injectLogger". [] []
[2014-05-15 23:28:29] event.DEBUG: Notified event "kernel.request" to listener "Symfony\Component\HttpKernel\EventListener\ErrorsLoggerListener::injectLogger". [] []
[2014-05-15 23:28:29] event.DEBUG: Notified event "kernel.controller" to listener "Symfony\Bundle\FrameworkBundle\DataCollector\RouterDataCollector::onKernelController". [] []
[2014-05-15 23:28:29] event.DEBUG: Notified event "kernel.controller" to listener "Acme\DemoBundle\EventListener\ControllerListener::onKernelController". [] []
[2014-05-15 23:28:29] event.DEBUG: Notified event "kernel.controller" to listener "Symfony\Component\HttpKernel\DataCollector\RequestDataCollector::onKernelController". [] []
[2014-05-15 23:28:29] event.DEBUG: Notified event "kernel.controller" to listener "Sensio\Bundle\FrameworkExtraBundle\EventListener\ControllerListener::onKernelController". [] []
[2014-05-15 23:28:29] event.DEBUG: Notified event "kernel.controller" to listener "Sensio\Bundle\FrameworkExtraBundle\EventListener\ParamConverterListener::onKernelController". [] []
[2014-05-15 23:28:29] event.DEBUG: Notified event "kernel.controller" to listener "Sensio\Bundle\FrameworkExtraBundle\EventListener\HttpCacheListener::onKernelController". [] []
[2014-05-15 23:28:29] event.DEBUG: Notified event "kernel.controller" to listener "Sensio\Bundle\FrameworkExtraBundle\EventListener\SecurityListener::onKernelController". [] []
[2014-05-15 23:28:29] event.DEBUG: Notified event "kernel.controller" to listener "Sensio\Bundle\FrameworkExtraBundle\EventListener\TemplateListener::onKernelController". [] []
[2014-05-15 23:28:29] event.DEBUG: Notified event "kernel.response" to listener "Symfony\Component\HttpKernel\EventListener\ResponseListener::onKernelResponse". [] []
[2014-05-15 23:28:29] event.DEBUG: Notified event "kernel.response" to listener "Symfony\Component\Security\Http\RememberMe\ResponseListener::onKernelResponse". [] []
[2014-05-15 23:28:29] event.DEBUG: Notified event "kernel.response" to listener "Sensio\Bundle\FrameworkExtraBundle\EventListener\HttpCacheListener::onKernelResponse". [] []
[2014-05-15 23:28:29] event.DEBUG: Notified event "kernel.response" to listener "Symfony\Component\HttpKernel\EventListener\ProfilerListener::onKernelResponse". [] []
[2014-05-15 23:28:29] event.DEBUG: Notified event "kernel.response" to listener "Symfony\Bundle\WebProfilerBundle\EventListener\WebDebugToolbarListener::onKernelResponse". [] []
[2014-05-15 23:28:29] event.DEBUG: Notified event "kernel.response" to listener "Symfony\Component\HttpKernel\EventListener\StreamedResponseListener::onKernelResponse". [] []
[2014-05-15 23:28:29] event.DEBUG: Notified event "kernel.finish_request" to listener "Symfony\Component\HttpKernel\EventListener\LocaleListener::onKernelFinishRequest". [] []
[2014-05-15 23:28:29] event.DEBUG: Notified event "kernel.finish_request" to listener "Symfony\Component\HttpKernel\EventListener\RouterListener::onKernelFinishRequest". [] []
[2014-05-15 23:28:29] event.DEBUG: Notified event "kernel.finish_request" to listener "Symfony\Component\Security\Http\Firewall::onKernelFinishRequest". [] []
[2014-05-15 23:28:29] event.DEBUG: Notified event "kernel.terminate" to listener "Symfony\Bundle\SwiftmailerBundle\EventListener\EmailSenderListener::onTerminate". [] []
[2014-05-15 23:28:29] event.DEBUG: Notified event "kernel.terminate" to listener "Symfony\Component\HttpKernel\EventListener\ProfilerListener::onKernelTerminate". [] []
[2014-05-15 23:28:29] event.DEBUG: Notified event "kernel.request" to listener "Symfony\Component\HttpKernel\EventListener\ProfilerListener::onKernelRequest". [] []
[2014-05-15 23:28:29] event.DEBUG: Notified event "kernel.request" to listener "Symfony\Bundle\FrameworkBundle\EventListener\SessionListener::onKernelRequest". [] []
[2014-05-15 23:28:29] event.DEBUG: Notified event "kernel.request" to listener "Symfony\Component\HttpKernel\EventListener\FragmentListener::onKernelRequest". [] []
[2014-05-15 23:28:29] event.DEBUG: Notified event "kernel.request" to listener "Symfony\Component\HttpKernel\EventListener\RouterListener::onKernelRequest". [] []
[2014-05-15 23:28:29] request.INFO: Matched route "_wdt" (parameters: "_controller": "web_profiler.controller.profiler:toolbarAction", "token": "d1a95d", "_route": "_wdt") [] []
[2014-05-15 23:28:29] event.DEBUG: Notified event "kernel.request" to listener "Symfony\Component\HttpKernel\EventListener\LocaleListener::onKernelRequest". [] []
[2014-05-15 23:28:29] event.DEBUG: Notified event "kernel.request" to listener "Symfony\Component\Security\Http\Firewall::onKernelRequest". [] []
[2014-05-15 23:28:29] event.DEBUG: Notified event "kernel.request" to listener "Symfony\Bundle\AsseticBundle\EventListener\RequestListener::onKernelRequest". [] []
[2014-05-15 23:28:29] event.DEBUG: Notified event "kernel.request" to listener "Symfony\Component\HttpKernel\EventListener\ErrorsLoggerListener::injectLogger". [] []
[2014-05-15 23:28:29] event.DEBUG: Notified event "kernel.request" to listener "Symfony\Component\HttpKernel\EventListener\ErrorsLoggerListener::injectLogger". [] []
[2014-05-15 23:28:29] event.DEBUG: Notified event "kernel.controller" to listener "Symfony\Bundle\FrameworkBundle\DataCollector\RouterDataCollector::onKernelController". [] []
[2014-05-15 23:28:30] event.DEBUG: Notified event "kernel.controller" to listener "Acme\DemoBundle\EventListener\ControllerListener::onKernelController". [] []
[2014-05-15 23:28:30] event.DEBUG: Notified event "kernel.controller" to listener "Symfony\Component\HttpKernel\DataCollector\RequestDataCollector::onKernelController". [] []
[2014-05-15 23:28:30] event.DEBUG: Notified event "kernel.controller" to listener "Sensio\Bundle\FrameworkExtraBundle\EventListener\ControllerListener::onKernelController". [] []
[2014-05-15 23:28:30] event.DEBUG: Notified event "kernel.controller" to listener "Sensio\Bundle\FrameworkExtraBundle\EventListener\ParamConverterListener::onKernelController". [] []
[2014-05-15 23:28:30] event.DEBUG: Notified event "kernel.controller" to listener "Sensio\Bundle\FrameworkExtraBundle\EventListener\HttpCacheListener::onKernelController". [] []
[2014-05-15 23:28:30] event.DEBUG: Notified event "kernel.controller" to listener "Sensio\Bundle\FrameworkExtraBundle\EventListener\SecurityListener::onKernelController". [] []
[2014-05-15 23:28:30] event.DEBUG: Notified event "kernel.controller" to listener "Sensio\Bundle\FrameworkExtraBundle\EventListener\TemplateListener::onKernelController". [] []
[2014-05-15 23:28:32] event.DEBUG: Notified event "kernel.response" to listener "Symfony\Component\HttpKernel\EventListener\ResponseListener::onKernelResponse". [] []
[2014-05-15 23:28:32] event.DEBUG: Notified event "kernel.response" to listener "Symfony\Component\Security\Http\RememberMe\ResponseListener::onKernelResponse". [] []
[2014-05-15 23:28:32] event.DEBUG: Notified event "kernel.response" to listener "Sensio\Bundle\FrameworkExtraBundle\EventListener\HttpCacheListener::onKernelResponse". [] []
[2014-05-15 23:28:32] event.DEBUG: Notified event "kernel.response" to listener "Symfony\Component\HttpKernel\EventListener\ProfilerListener::onKernelResponse". [] []
[2014-05-15 23:28:32] event.DEBUG: Notified event "kernel.response" to listener "Symfony\Bundle\WebProfilerBundle\EventListener\WebDebugToolbarListener::onKernelResponse". [] []
[2014-05-15 23:28:32] event.DEBUG: Notified event "kernel.response" to listener "Symfony\Component\HttpKernel\EventListener\StreamedResponseListener::onKernelResponse". [] []
[2014-05-15 23:28:32] event.DEBUG: Notified event "kernel.finish_request" to listener "Symfony\Component\HttpKernel\EventListener\LocaleListener::onKernelFinishRequest". [] []
[2014-05-15 23:28:32] event.DEBUG: Notified event "kernel.finish_request" to listener "Symfony\Component\HttpKernel\EventListener\RouterListener::onKernelFinishRequest". [] []
[2014-05-15 23:28:32] event.DEBUG: Notified event "kernel.finish_request" to listener "Symfony\Component\Security\Http\Firewall::onKernelFinishRequest". [] []
[2014-05-15 23:28:32] event.DEBUG: Notified event "kernel.terminate" to listener "Symfony\Bundle\SwiftmailerBundle\EventListener\EmailSenderListener::onTerminate". [] []
[2014-05-15 23:28:32] event.DEBUG: Notified event "kernel.terminate" to listener "Symfony\Component\HttpKernel\EventListener\ProfilerListener::onKernelTerminate". [] []
[2014-05-15 23:28:44] event.DEBUG: Notified event "kernel.request" to listener "Symfony\Component\HttpKernel\EventListener\ProfilerListener::onKernelRequest". [] []
[2014-05-15 23:28:44] event.DEBUG: Notified event "kernel.request" to listener "Symfony\Bundle\FrameworkBundle\EventListener\SessionListener::onKernelRequest". [] []
[2014-05-15 23:28:44] event.DEBUG: Notified event "kernel.request" to listener "Symfony\Component\HttpKernel\EventListener\FragmentListener::onKernelRequest". [] []
[2014-05-15 23:28:44] event.DEBUG: Notified event "kernel.request" to listener "Symfony\Component\HttpKernel\EventListener\RouterListener::onKernelRequest". [] []
[2014-05-15 23:28:44] request.INFO: Matched route "VAMAB_homepage" (parameters: "_controller": "VDG\AulasMentor\AlimentosBundle\Controller\DefaultController::indexAction", "_route": "VAMAB_homepage") [] []
[2014-05-15 23:28:44] event.DEBUG: Notified event "kernel.request" to listener "Symfony\Component\HttpKernel\EventListener\LocaleListener::onKernelRequest". [] []
[2014-05-15 23:28:44] event.DEBUG: Notified event "kernel.request" to listener "Symfony\Component\Security\Http\Firewall::onKernelRequest". [] []
[2014-05-15 23:28:44] event.DEBUG: Notified event "kernel.request" to listener "Symfony\Bundle\AsseticBundle\EventListener\RequestListener::onKernelRequest". [] []
[2014-05-15 23:28:44] event.DEBUG: Notified event "kernel.request" to listener "Symfony\Component\HttpKernel\EventListener\ErrorsLoggerListener::injectLogger". [] []
[2014-05-15 23:28:44] event.DEBUG: Notified event "kernel.request" to listener "Symfony\Component\HttpKernel\EventListener\ErrorsLoggerListener::injectLogger". [] []
[2014-05-15 23:28:44] event.DEBUG: Notified event "kernel.controller" to listener "Symfony\Bundle\FrameworkBundle\DataCollector\RouterDataCollector::onKernelController". [] []
[2014-05-15 23:28:44] event.DEBUG: Notified event "kernel.controller" to listener "Acme\DemoBundle\EventListener\ControllerListener::onKernelController". [] []
[2014-05-15 23:28:44] event.DEBUG: Notified event "kernel.controller" to listener "Symfony\Component\HttpKernel\DataCollector\RequestDataCollector::onKernelController". [] []
[2014-05-15 23:28:44] event.DEBUG: Notified event "kernel.controller" to listener "Sensio\Bundle\FrameworkExtraBundle\EventListener\ControllerListener::onKernelController". [] []
[2014-05-15 23:28:44] event.DEBUG: Notified event "kernel.controller" to listener "Sensio\Bundle\FrameworkExtraBundle\EventListener\ParamConverterListener::onKernelController". [] []
[2014-05-15 23:28:44] event.DEBUG: Notified event "kernel.controller" to listener "Sensio\Bundle\FrameworkExtraBundle\EventListener\HttpCacheListener::onKernelController". [] []
[2014-05-15 23:28:44] event.DEBUG: Notified event "kernel.controller" to listener "Sensio\Bundle\FrameworkExtraBundle\EventListener\SecurityListener::onKernelController". [] []
[2014-05-15 23:28:44] event.DEBUG: Notified event "kernel.controller" to listener "Sensio\Bundle\FrameworkExtraBundle\EventListener\TemplateListener::onKernelController". [] []
[2014-05-15 23:28:45] event.DEBUG: Notified event "kernel.response" to listener "Symfony\Component\HttpKernel\EventListener\ResponseListener::onKernelResponse". [] []
[2014-05-15 23:28:45] event.DEBUG: Notified event "kernel.response" to listener "Symfony\Component\Security\Http\RememberMe\ResponseListener::onKernelResponse". [] []
[2014-05-15 23:28:45] event.DEBUG: Notified event "kernel.response" to listener "Sensio\Bundle\FrameworkExtraBundle\EventListener\HttpCacheListener::onKernelResponse". [] []
[2014-05-15 23:28:45] event.DEBUG: Notified event "kernel.response" to listener "Symfony\Component\HttpKernel\EventListener\ProfilerListener::onKernelResponse". [] []
[2014-05-15 23:28:45] event.DEBUG: Notified event "kernel.response" to listener "Symfony\Bundle\WebProfilerBundle\EventListener\WebDebugToolbarListener::onKernelResponse". [] []
[2014-05-15 23:28:45] event.DEBUG: Notified event "kernel.response" to listener "Symfony\Component\HttpKernel\EventListener\StreamedResponseListener::onKernelResponse". [] []
[2014-05-15 23:28:45] event.DEBUG: Notified event "kernel.finish_request" to listener "Symfony\Component\HttpKernel\EventListener\LocaleListener::onKernelFinishRequest". [] []
[2014-05-15 23:28:45] event.DEBUG: Notified event "kernel.finish_request" to listener "Symfony\Component\HttpKernel\EventListener\RouterListener::onKernelFinishRequest". [] []
[2014-05-15 23:28:45] event.DEBUG: Notified event "kernel.finish_request" to listener "Symfony\Component\Security\Http\Firewall::onKernelFinishRequest". [] []
[2014-05-15 23:28:45] event.DEBUG: Notified event "kernel.terminate" to listener "Symfony\Bundle\SwiftmailerBundle\EventListener\EmailSenderListener::onTerminate". [] []
[2014-05-15 23:28:45] event.DEBUG: Notified event "kernel.terminate" to listener "Symfony\Component\HttpKernel\EventListener\ProfilerListener::onKernelTerminate". [] []
[2014-05-15 23:28:45] event.DEBUG: Notified event "kernel.request" to listener "Symfony\Component\HttpKernel\EventListener\ProfilerListener::onKernelRequest". [] []
[2014-05-15 23:28:45] event.DEBUG: Notified event "kernel.request" to listener "Symfony\Bundle\FrameworkBundle\EventListener\SessionListener::onKernelRequest". [] []
[2014-05-15 23:28:45] event.DEBUG: Notified event "kernel.request" to listener "Symfony\Component\HttpKernel\EventListener\FragmentListener::onKernelRequest". [] []
[2014-05-15 23:28:45] event.DEBUG: Notified event "kernel.request" to listener "Symfony\Component\HttpKernel\EventListener\RouterListener::onKernelRequest". [] []
[2014-05-15 23:28:45] request.INFO: Matched route "_wdt" (parameters: "_controller": "web_profiler.controller.profiler:toolbarAction", "token": "7868aa", "_route": "_wdt") [] []
[2014-05-15 23:28:45] event.DEBUG: Notified event "kernel.request" to listener "Symfony\Component\HttpKernel\EventListener\LocaleListener::onKernelRequest". [] []
[2014-05-15 23:28:45] event.DEBUG: Notified event "kernel.request" to listener "Symfony\Component\Security\Http\Firewall::onKernelRequest". [] []
[2014-05-15 23:28:45] event.DEBUG: Notified event "kernel.request" to listener "Symfony\Bundle\AsseticBundle\EventListener\RequestListener::onKernelRequest". [] []
[2014-05-15 23:28:45] event.DEBUG: Notified event "kernel.request" to listener "Symfony\Component\HttpKernel\EventListener\ErrorsLoggerListener::injectLogger". [] []
[2014-05-15 23:28:45] event.DEBUG: Notified event "kernel.request" to listener "Symfony\Component\HttpKernel\EventListener\ErrorsLoggerListener::injectLogger". [] []
[2014-05-15 23:28:45] event.DEBUG: Notified event "kernel.controller" to listener "Symfony\Bundle\FrameworkBundle\DataCollector\RouterDataCollector::onKernelController". [] []
[2014-05-15 23:28:45] event.DEBUG: Notified event "kernel.controller" to listener "Acme\DemoBundle\EventListener\ControllerListener::onKernelController". [] []
[2014-05-15 23:28:45] event.DEBUG: Notified event "kernel.controller" to listener "Symfony\Component\HttpKernel\DataCollector\RequestDataCollector::onKernelController". [] []
[2014-05-15 23:28:45] event.DEBUG: Notified event "kernel.controller" to listener "Sensio\Bundle\FrameworkExtraBundle\EventListener\ControllerListener::onKernelController". [] []
[2014-05-15 23:28:45] event.DEBUG: Notified event "kernel.controller" to listener "Sensio\Bundle\FrameworkExtraBundle\EventListener\ParamConverterListener::onKernelController". [] []
[2014-05-15 23:28:45] event.DEBUG: Notified event "kernel.controller" to listener "Sensio\Bundle\FrameworkExtraBundle\EventListener\HttpCacheListener::onKernelController". [] []
[2014-05-15 23:28:45] event.DEBUG: Notified event "kernel.controller" to listener "Sensio\Bundle\FrameworkExtraBundle\EventListener\SecurityListener::onKernelController". [] []
[2014-05-15 23:28:45] event.DEBUG: Notified event "kernel.controller" to listener "Sensio\Bundle\FrameworkExtraBundle\EventListener\TemplateListener::onKernelController". [] []
[2014-05-15 23:28:45] event.DEBUG: Notified event "kernel.response" to listener "Symfony\Component\HttpKernel\EventListener\ResponseListener::onKernelResponse". [] []
[2014-05-15 23:28:45] event.DEBUG: Notified event "kernel.response" to listener "Symfony\Component\Security\Http\RememberMe\ResponseListener::onKernelResponse". [] []
[2014-05-15 23:28:45] event.DEBUG: Notified event "kernel.response" to listener "Sensio\Bundle\FrameworkExtraBundle\EventListener\HttpCacheListener::onKernelResponse". [] []
[2014-05-15 23:28:45] event.DEBUG: Notified event "kernel.response" to listener "Symfony\Component\HttpKernel\EventListener\ProfilerListener::onKernelResponse". [] []
[2014-05-15 23:28:45] event.DEBUG: Notified event "kernel.response" to listener "Symfony\Bundle\WebProfilerBundle\EventListener\WebDebugToolbarListener::onKernelResponse". [] []
[2014-05-15 23:28:45] event.DEBUG: Notified event "kernel.response" to listener "Symfony\Component\HttpKernel\EventListener\StreamedResponseListener::onKernelResponse". [] []
[2014-05-15 23:28:45] event.DEBUG: Notified event "kernel.finish_request" to listener "Symfony\Component\HttpKernel\EventListener\LocaleListener::onKernelFinishRequest". [] []
[2014-05-15 23:28:45] event.DEBUG: Notified event "kernel.finish_request" to listener "Symfony\Component\HttpKernel\EventListener\RouterListener::onKernelFinishRequest". [] []
[2014-05-15 23:28:45] event.DEBUG: Notified event "kernel.finish_request" to listener "Symfony\Component\Security\Http\Firewall::onKernelFinishRequest". [] []
[2014-05-15 23:28:45] event.DEBUG: Notified event "kernel.terminate" to listener "Symfony\Bundle\SwiftmailerBundle\EventListener\EmailSenderListener::onTerminate". [] []
[2014-05-15 23:28:45] event.DEBUG: Notified event "kernel.terminate" to listener "Symfony\Component\HttpKernel\EventListener\ProfilerListener::onKernelTerminate". [] []
[2014-05-15 23:28:49] event.DEBUG: Notified event "kernel.request" to listener "Symfony\Component\HttpKernel\EventListener\ProfilerListener::onKernelRequest". [] []
[2014-05-15 23:28:49] event.DEBUG: Notified event "kernel.request" to listener "Symfony\Bundle\FrameworkBundle\EventListener\SessionListener::onKernelRequest". [] []
[2014-05-15 23:28:49] event.DEBUG: Notified event "kernel.request" to listener "Symfony\Component\HttpKernel\EventListener\FragmentListener::onKernelRequest". [] []
[2014-05-15 23:28:49] event.DEBUG: Notified event "kernel.request" to listener "Symfony\Component\HttpKernel\EventListener\RouterListener::onKernelRequest". [] []
[2014-05-15 23:28:49] request.INFO: Matched route "VAMAB_homepage" (parameters: "_controller": "VDG\AulasMentor\AlimentosBundle\Controller\DefaultController::indexAction", "_route": "VAMAB_homepage") [] []
[2014-05-15 23:28:49] event.DEBUG: Notified event "kernel.request" to listener "Symfony\Component\HttpKernel\EventListener\LocaleListener::onKernelRequest". [] []
[2014-05-15 23:28:49] event.DEBUG: Notified event "kernel.request" to listener "Symfony\Component\Security\Http\Firewall::onKernelRequest". [] []
[2014-05-15 23:28:49] event.DEBUG: Notified event "kernel.request" to listener "Symfony\Bundle\AsseticBundle\EventListener\RequestListener::onKernelRequest". [] []
[2014-05-15 23:28:49] event.DEBUG: Notified event "kernel.request" to listener "Symfony\Component\HttpKernel\EventListener\ErrorsLoggerListener::injectLogger". [] []
[2014-05-15 23:28:49] event.DEBUG: Notified event "kernel.request" to listener "Symfony\Component\HttpKernel\EventListener\ErrorsLoggerListener::injectLogger". [] []
[2014-05-15 23:28:49] event.DEBUG: Notified event "kernel.controller" to listener "Symfony\Bundle\FrameworkBundle\DataCollector\RouterDataCollector::onKernelController". [] []
[2014-05-15 23:28:49] event.DEBUG: Notified event "kernel.controller" to listener "Acme\DemoBundle\EventListener\ControllerListener::onKernelController". [] []
[2014-05-15 23:28:49] event.DEBUG: Notified event "kernel.controller" to listener "Symfony\Component\HttpKernel\DataCollector\RequestDataCollector::onKernelController". [] []
[2014-05-15 23:28:49] event.DEBUG: Notified event "kernel.controller" to listener "Sensio\Bundle\FrameworkExtraBundle\EventListener\ControllerListener::onKernelController". [] []
[2014-05-15 23:28:49] event.DEBUG: Notified event "kernel.controller" to listener "Sensio\Bundle\FrameworkExtraBundle\EventListener\ParamConverterListener::onKernelController". [] []
[2014-05-15 23:28:49] event.DEBUG: Notified event "kernel.controller" to listener "Sensio\Bundle\FrameworkExtraBundle\EventListener\HttpCacheListener::onKernelController". [] []
[2014-05-15 23:28:49] event.DEBUG: Notified event "kernel.controller" to listener "Sensio\Bundle\FrameworkExtraBundle\EventListener\SecurityListener::onKernelController". [] []
[2014-05-15 23:28:49] event.DEBUG: Notified event "kernel.controller" to listener "Sensio\Bundle\FrameworkExtraBundle\EventListener\TemplateListener::onKernelController". [] []
[2014-05-15 23:28:49] event.DEBUG: Notified event "kernel.response" to listener "Symfony\Component\HttpKernel\EventListener\ResponseListener::onKernelResponse". [] []
[2014-05-15 23:28:49] event.DEBUG: Notified event "kernel.response" to listener "Symfony\Component\Security\Http\RememberMe\ResponseListener::onKernelResponse". [] []
[2014-05-15 23:28:49] event.DEBUG: Notified event "kernel.response" to listener "Sensio\Bundle\FrameworkExtraBundle\EventListener\HttpCacheListener::onKernelResponse". [] []
[2014-05-15 23:28:49] event.DEBUG: Notified event "kernel.response" to listener "Symfony\Component\HttpKernel\EventListener\ProfilerListener::onKernelResponse". [] []
[2014-05-15 23:28:49] event.DEBUG: Notified event "kernel.response" to listener "Symfony\Bundle\WebProfilerBundle\EventListener\WebDebugToolbarListener::onKernelResponse". [] []
[2014-05-15 23:28:49] event.DEBUG: Notified event "kernel.response" to listener "Symfony\Component\HttpKernel\EventListener\StreamedResponseListener::onKernelResponse". [] []
[2014-05-15 23:28:49] event.DEBUG: Notified event "kernel.finish_request" to listener "Symfony\Component\HttpKernel\EventListener\LocaleListener::onKernelFinishRequest". [] []
[2014-05-15 23:28:49] event.DEBUG: Notified event "kernel.finish_request" to listener "Symfony\Component\HttpKernel\EventListener\RouterListener::onKernelFinishRequest". [] []
[2014-05-15 23:28:49] event.DEBUG: Notified event "kernel.finish_request" to listener "Symfony\Component\Security\Http\Firewall::onKernelFinishRequest". [] []
[2014-05-15 23:28:49] event.DEBUG: Notified event "kernel.terminate" to listener "Symfony\Bundle\SwiftmailerBundle\EventListener\EmailSenderListener::onTerminate". [] []
[2014-05-15 23:28:49] event.DEBUG: Notified event "kernel.terminate" to listener "Symfony\Component\HttpKernel\EventListener\ProfilerListener::onKernelTerminate". [] []
[2014-05-15 23:28:49] event.DEBUG: Notified event "kernel.request" to listener "Symfony\Component\HttpKernel\EventListener\ProfilerListener::onKernelRequest". [] []
[2014-05-15 23:28:49] event.DEBUG: Notified event "kernel.request" to listener "Symfony\Bundle\FrameworkBundle\EventListener\SessionListener::onKernelRequest". [] []
[2014-05-15 23:28:49] event.DEBUG: Notified event "kernel.request" to listener "Symfony\Component\HttpKernel\EventListener\FragmentListener::onKernelRequest". [] []
[2014-05-15 23:28:49] event.DEBUG: Notified event "kernel.request" to listener "Symfony\Component\HttpKernel\EventListener\RouterListener::onKernelRequest". [] []
[2014-05-15 23:28:49] request.INFO: Matched route "_wdt" (parameters: "_controller": "web_profiler.controller.profiler:toolbarAction", "token": "3e8ac1", "_route": "_wdt") [] []
[2014-05-15 23:28:49] event.DEBUG: Notified event "kernel.request" to listener "Symfony\Component\HttpKernel\EventListener\LocaleListener::onKernelRequest". [] []
[2014-05-15 23:28:49] event.DEBUG: Notified event "kernel.request" to listener "Symfony\Component\Security\Http\Firewall::onKernelRequest". [] []
[2014-05-15 23:28:49] event.DEBUG: Notified event "kernel.request" to listener "Symfony\Bundle\AsseticBundle\EventListener\RequestListener::onKernelRequest". [] []
[2014-05-15 23:28:49] event.DEBUG: Notified event "kernel.request" to listener "Symfony\Component\HttpKernel\EventListener\ErrorsLoggerListener::injectLogger". [] []
[2014-05-15 23:28:49] event.DEBUG: Notified event "kernel.request" to listener "Symfony\Component\HttpKernel\EventListener\ErrorsLoggerListener::injectLogger". [] []
[2014-05-15 23:28:49] event.DEBUG: Notified event "kernel.controller" to listener "Symfony\Bundle\FrameworkBundle\DataCollector\RouterDataCollector::onKernelController". [] []
[2014-05-15 23:28:49] event.DEBUG: Notified event "kernel.controller" to listener "Acme\DemoBundle\EventListener\ControllerListener::onKernelController". [] []
[2014-05-15 23:28:49] event.DEBUG: Notified event "kernel.controller" to listener "Symfony\Component\HttpKernel\DataCollector\RequestDataCollector::onKernelController". [] []
[2014-05-15 23:28:49] event.DEBUG: Notified event "kernel.controller" to listener "Sensio\Bundle\FrameworkExtraBundle\EventListener\ControllerListener::onKernelController". [] []
[2014-05-15 23:28:49] event.DEBUG: Notified event "kernel.controller" to listener "Sensio\Bundle\FrameworkExtraBundle\EventListener\ParamConverterListener::onKernelController". [] []
[2014-05-15 23:28:49] event.DEBUG: Notified event "kernel.controller" to listener "Sensio\Bundle\FrameworkExtraBundle\EventListener\HttpCacheListener::onKernelController". [] []
[2014-05-15 23:28:49] event.DEBUG: Notified event "kernel.controller" to listener "Sensio\Bundle\FrameworkExtraBundle\EventListener\SecurityListener::onKernelController". [] []
[2014-05-15 23:28:49] event.DEBUG: Notified event "kernel.controller" to listener "Sensio\Bundle\FrameworkExtraBundle\EventListener\TemplateListener::onKernelController". [] []
[2014-05-15 23:28:49] event.DEBUG: Notified event "kernel.response" to listener "Symfony\Component\HttpKernel\EventListener\ResponseListener::onKernelResponse". [] []
[2014-05-15 23:28:49] event.DEBUG: Notified event "kernel.response" to listener "Symfony\Component\Security\Http\RememberMe\ResponseListener::onKernelResponse". [] []
[2014-05-15 23:28:49] event.DEBUG: Notified event "kernel.response" to listener "Sensio\Bundle\FrameworkExtraBundle\EventListener\HttpCacheListener::onKernelResponse". [] []
[2014-05-15 23:28:49] event.DEBUG: Notified event "kernel.response" to listener "Symfony\Component\HttpKernel\EventListener\ProfilerListener::onKernelResponse". [] []
[2014-05-15 23:28:49] event.DEBUG: Notified event "kernel.response" to listener "Symfony\Bundle\WebProfilerBundle\EventListener\WebDebugToolbarListener::onKernelResponse". [] []
[2014-05-15 23:28:49] event.DEBUG: Notified event "kernel.response" to listener "Symfony\Component\HttpKernel\EventListener\StreamedResponseListener::onKernelResponse". [] []
[2014-05-15 23:28:49] event.DEBUG: Notified event "kernel.finish_request" to listener "Symfony\Component\HttpKernel\EventListener\LocaleListener::onKernelFinishRequest". [] []
[2014-05-15 23:28:49] event.DEBUG: Notified event "kernel.finish_request" to listener "Symfony\Component\HttpKernel\EventListener\RouterListener::onKernelFinishRequest". [] []
[2014-05-15 23:28:49] event.DEBUG: Notified event "kernel.finish_request" to listener "Symfony\Component\Security\Http\Firewall::onKernelFinishRequest". [] []
[2014-05-15 23:28:49] event.DEBUG: Notified event "kernel.terminate" to listener "Symfony\Bundle\SwiftmailerBundle\EventListener\EmailSenderListener::onTerminate". [] []
[2014-05-15 23:28:49] event.DEBUG: Notified event "kernel.terminate" to listener "Symfony\Component\HttpKernel\EventListener\ProfilerListener::onKernelTerminate". [] []
[2014-05-15 23:29:03] event.DEBUG: Notified event "kernel.request" to listener "Symfony\Component\HttpKernel\EventListener\ProfilerListener::onKernelRequest". [] []
[2014-05-15 23:29:03] event.DEBUG: Notified event "kernel.request" to listener "Symfony\Bundle\FrameworkBundle\EventListener\SessionListener::onKernelRequest". [] []
[2014-05-15 23:29:03] event.DEBUG: Notified event "kernel.request" to listener "Symfony\Component\HttpKernel\EventListener\FragmentListener::onKernelRequest". [] []
[2014-05-15 23:29:03] event.DEBUG: Notified event "kernel.request" to listener "Symfony\Component\HttpKernel\EventListener\RouterListener::onKernelRequest". [] []
[2014-05-15 23:29:03] request.INFO: Matched route "VAMAB_homepage" (parameters: "_controller": "VDG\AulasMentor\AlimentosBundle\Controller\DefaultController::indexAction", "_route": "VAMAB_homepage") [] []
[2014-05-15 23:29:03] event.DEBUG: Notified event "kernel.request" to listener "Symfony\Component\HttpKernel\EventListener\LocaleListener::onKernelRequest". [] []
[2014-05-15 23:29:03] event.DEBUG: Notified event "kernel.request" to listener "Symfony\Component\Security\Http\Firewall::onKernelRequest". [] []
[2014-05-15 23:29:03] event.DEBUG: Notified event "kernel.request" to listener "Symfony\Bundle\AsseticBundle\EventListener\RequestListener::onKernelRequest". [] []
[2014-05-15 23:29:03] event.DEBUG: Notified event "kernel.request" to listener "Symfony\Component\HttpKernel\EventListener\ErrorsLoggerListener::injectLogger". [] []
[2014-05-15 23:29:03] event.DEBUG: Notified event "kernel.request" to listener "Symfony\Component\HttpKernel\EventListener\ErrorsLoggerListener::injectLogger". [] []
[2014-05-15 23:29:03] event.DEBUG: Notified event "kernel.controller" to listener "Symfony\Bundle\FrameworkBundle\DataCollector\RouterDataCollector::onKernelController". [] []
[2014-05-15 23:29:03] event.DEBUG: Notified event "kernel.controller" to listener "Acme\DemoBundle\EventListener\ControllerListener::onKernelController". [] []
[2014-05-15 23:29:03] event.DEBUG: Notified event "kernel.controller" to listener "Symfony\Component\HttpKernel\DataCollector\RequestDataCollector::onKernelController". [] []
[2014-05-15 23:29:03] event.DEBUG: Notified event "kernel.controller" to listener "Sensio\Bundle\FrameworkExtraBundle\EventListener\ControllerListener::onKernelController". [] []
[2014-05-15 23:29:03] event.DEBUG: Notified event "kernel.controller" to listener "Sensio\Bundle\FrameworkExtraBundle\EventListener\ParamConverterListener::onKernelController". [] []
[2014-05-15 23:29:03] event.DEBUG: Notified event "kernel.controller" to listener "Sensio\Bundle\FrameworkExtraBundle\EventListener\HttpCacheListener::onKernelController". [] []
[2014-05-15 23:29:03] event.DEBUG: Notified event "kernel.controller" to listener "Sensio\Bundle\FrameworkExtraBundle\EventListener\SecurityListener::onKernelController". [] []
[2014-05-15 23:29:03] event.DEBUG: Notified event "kernel.controller" to listener "Sensio\Bundle\FrameworkExtraBundle\EventListener\TemplateListener::onKernelController". [] []
[2014-05-15 23:29:03] event.DEBUG: Notified event "kernel.response" to listener "Symfony\Component\HttpKernel\EventListener\ResponseListener::onKernelResponse". [] []
[2014-05-15 23:29:03] event.DEBUG: Notified event "kernel.response" to listener "Symfony\Component\Security\Http\RememberMe\ResponseListener::onKernelResponse". [] []
[2014-05-15 23:29:03] event.DEBUG: Notified event "kernel.response" to listener "Sensio\Bundle\FrameworkExtraBundle\EventListener\HttpCacheListener::onKernelResponse". [] []
[2014-05-15 23:29:03] event.DEBUG: Notified event "kernel.response" to listener "Symfony\Component\HttpKernel\EventListener\ProfilerListener::onKernelResponse". [] []
[2014-05-15 23:29:03] event.DEBUG: Notified event "kernel.response" to listener "Symfony\Component\HttpKernel\EventListener\StreamedResponseListener::onKernelResponse". [] []
[2014-05-15 23:29:03] event.DEBUG: Notified event "kernel.finish_request" to listener "Symfony\Component\HttpKernel\EventListener\LocaleListener::onKernelFinishRequest". [] []
[2014-05-15 23:29:03] event.DEBUG: Notified event "kernel.finish_request" to listener "Symfony\Component\HttpKernel\EventListener\RouterListener::onKernelFinishRequest". [] []
[2014-05-15 23:29:03] event.DEBUG: Notified event "kernel.finish_request" to listener "Symfony\Component\Security\Http\Firewall::onKernelFinishRequest". [] []
[2014-05-15 23:29:03] event.DEBUG: Notified event "kernel.terminate" to listener "Symfony\Bundle\SwiftmailerBundle\EventListener\EmailSenderListener::onTerminate". [] []
[2014-05-15 23:29:03] event.DEBUG: Notified event "kernel.terminate" to listener "Symfony\Component\HttpKernel\EventListener\ProfilerListener::onKernelTerminate". [] []
[2014-05-15 23:29:05] event.DEBUG: Notified event "kernel.request" to listener "Symfony\Component\HttpKernel\EventListener\ProfilerListener::onKernelRequest". [] []
[2014-05-15 23:29:05] event.DEBUG: Notified event "kernel.request" to listener "Symfony\Bundle\FrameworkBundle\EventListener\SessionListener::onKernelRequest". [] []
[2014-05-15 23:29:05] event.DEBUG: Notified event "kernel.request" to listener "Symfony\Component\HttpKernel\EventListener\FragmentListener::onKernelRequest". [] []
[2014-05-15 23:29:05] event.DEBUG: Notified event "kernel.request" to listener "Symfony\Component\HttpKernel\EventListener\RouterListener::onKernelRequest". [] []
[2014-05-15 23:29:05] request.INFO: Matched route "VAMAB_homepage" (parameters: "_controller": "VDG\AulasMentor\AlimentosBundle\Controller\DefaultController::indexAction", "_route": "VAMAB_homepage") [] []
[2014-05-15 23:29:05] event.DEBUG: Notified event "kernel.request" to listener "Symfony\Component\HttpKernel\EventListener\LocaleListener::onKernelRequest". [] []
[2014-05-15 23:29:05] event.DEBUG: Notified event "kernel.request" to listener "Symfony\Component\Security\Http\Firewall::onKernelRequest". [] []
[2014-05-15 23:29:05] event.DEBUG: Notified event "kernel.request" to listener "Symfony\Bundle\AsseticBundle\EventListener\RequestListener::onKernelRequest". [] []
[2014-05-15 23:29:05] event.DEBUG: Notified event "kernel.request" to listener "Symfony\Component\HttpKernel\EventListener\ErrorsLoggerListener::injectLogger". [] []
[2014-05-15 23:29:05] event.DEBUG: Notified event "kernel.request" to listener "Symfony\Component\HttpKernel\EventListener\ErrorsLoggerListener::injectLogger". [] []
[2014-05-15 23:29:05] event.DEBUG: Notified event "kernel.controller" to listener "Symfony\Bundle\FrameworkBundle\DataCollector\RouterDataCollector::onKernelController". [] []
[2014-05-15 23:29:05] event.DEBUG: Notified event "kernel.controller" to listener "Acme\DemoBundle\EventListener\ControllerListener::onKernelController". [] []
[2014-05-15 23:29:05] event.DEBUG: Notified event "kernel.controller" to listener "Symfony\Component\HttpKernel\DataCollector\RequestDataCollector::onKernelController". [] []
[2014-05-15 23:29:05] event.DEBUG: Notified event "kernel.controller" to listener "Sensio\Bundle\FrameworkExtraBundle\EventListener\ControllerListener::onKernelController". [] []
[2014-05-15 23:29:05] event.DEBUG: Notified event "kernel.controller" to listener "Sensio\Bundle\FrameworkExtraBundle\EventListener\ParamConverterListener::onKernelController". [] []
[2014-05-15 23:29:05] event.DEBUG: Notified event "kernel.controller" to listener "Sensio\Bundle\FrameworkExtraBundle\EventListener\HttpCacheListener::onKernelController". [] []
[2014-05-15 23:29:05] event.DEBUG: Notified event "kernel.controller" to listener "Sensio\Bundle\FrameworkExtraBundle\EventListener\SecurityListener::onKernelController". [] []
[2014-05-15 23:29:05] event.DEBUG: Notified event "kernel.controller" to listener "Sensio\Bundle\FrameworkExtraBundle\EventListener\TemplateListener::onKernelController". [] []
[2014-05-15 23:29:05] event.DEBUG: Notified event "kernel.response" to listener "Symfony\Component\HttpKernel\EventListener\ResponseListener::onKernelResponse". [] []
[2014-05-15 23:29:05] event.DEBUG: Notified event "kernel.response" to listener "Symfony\Component\Security\Http\RememberMe\ResponseListener::onKernelResponse". [] []
[2014-05-15 23:29:05] event.DEBUG: Notified event "kernel.response" to listener "Sensio\Bundle\FrameworkExtraBundle\EventListener\HttpCacheListener::onKernelResponse". [] []
[2014-05-15 23:29:05] event.DEBUG: Notified event "kernel.response" to listener "Symfony\Component\HttpKernel\EventListener\ProfilerListener::onKernelResponse". [] []
[2014-05-15 23:29:05] event.DEBUG: Notified event "kernel.response" to listener "Symfony\Component\HttpKernel\EventListener\StreamedResponseListener::onKernelResponse". [] []
[2014-05-15 23:29:05] event.DEBUG: Notified event "kernel.finish_request" to listener "Symfony\Component\HttpKernel\EventListener\LocaleListener::onKernelFinishRequest". [] []
[2014-05-15 23:29:05] event.DEBUG: Notified event "kernel.finish_request" to listener "Symfony\Component\HttpKernel\EventListener\RouterListener::onKernelFinishRequest". [] []
[2014-05-15 23:29:05] event.DEBUG: Notified event "kernel.finish_request" to listener "Symfony\Component\Security\Http\Firewall::onKernelFinishRequest". [] []
[2014-05-15 23:29:05] event.DEBUG: Notified event "kernel.terminate" to listener "Symfony\Bundle\SwiftmailerBundle\EventListener\EmailSenderListener::onTerminate". [] []
[2014-05-15 23:29:05] event.DEBUG: Notified event "kernel.terminate" to listener "Symfony\Component\HttpKernel\EventListener\ProfilerListener::onKernelTerminate". [] []
[2014-05-15 23:29:06] event.DEBUG: Notified event "kernel.request" to listener "Symfony\Component\HttpKernel\EventListener\ProfilerListener::onKernelRequest". [] []
[2014-05-15 23:29:06] event.DEBUG: Notified event "kernel.request" to listener "Symfony\Bundle\FrameworkBundle\EventListener\SessionListener::onKernelRequest". [] []
[2014-05-15 23:29:06] event.DEBUG: Notified event "kernel.request" to listener "Symfony\Component\HttpKernel\EventListener\FragmentListener::onKernelRequest". [] []
[2014-05-15 23:29:06] event.DEBUG: Notified event "kernel.request" to listener "Symfony\Component\HttpKernel\EventListener\RouterListener::onKernelRequest". [] []
[2014-05-15 23:29:06] request.INFO: Matched route "VAMAB_homepage" (parameters: "_controller": "VDG\AulasMentor\AlimentosBundle\Controller\DefaultController::indexAction", "_route": "VAMAB_homepage") [] []
[2014-05-15 23:29:06] event.DEBUG: Notified event "kernel.request" to listener "Symfony\Component\HttpKernel\EventListener\LocaleListener::onKernelRequest". [] []
[2014-05-15 23:29:06] event.DEBUG: Notified event "kernel.request" to listener "Symfony\Component\Security\Http\Firewall::onKernelRequest". [] []
[2014-05-15 23:29:06] event.DEBUG: Notified event "kernel.request" to listener "Symfony\Bundle\AsseticBundle\EventListener\RequestListener::onKernelRequest". [] []
[2014-05-15 23:29:06] event.DEBUG: Notified event "kernel.request" to listener "Symfony\Component\HttpKernel\EventListener\ErrorsLoggerListener::injectLogger". [] []
[2014-05-15 23:29:06] event.DEBUG: Notified event "kernel.request" to listener "Symfony\Component\HttpKernel\EventListener\ErrorsLoggerListener::injectLogger". [] []
[2014-05-15 23:29:06] event.DEBUG: Notified event "kernel.controller" to listener "Symfony\Bundle\FrameworkBundle\DataCollector\RouterDataCollector::onKernelController". [] []
[2014-05-15 23:29:06] event.DEBUG: Notified event "kernel.controller" to listener "Acme\DemoBundle\EventListener\ControllerListener::onKernelController". [] []
[2014-05-15 23:29:07] event.DEBUG: Notified event "kernel.controller" to listener "Symfony\Component\HttpKernel\DataCollector\RequestDataCollector::onKernelController". [] []
[2014-05-15 23:29:07] event.DEBUG: Notified event "kernel.controller" to listener "Sensio\Bundle\FrameworkExtraBundle\EventListener\ControllerListener::onKernelController". [] []
[2014-05-15 23:29:07] event.DEBUG: Notified event "kernel.controller" to listener "Sensio\Bundle\FrameworkExtraBundle\EventListener\ParamConverterListener::onKernelController". [] []
[2014-05-15 23:29:07] event.DEBUG: Notified event "kernel.controller" to listener "Sensio\Bundle\FrameworkExtraBundle\EventListener\HttpCacheListener::onKernelController". [] []
[2014-05-15 23:29:07] event.DEBUG: Notified event "kernel.controller" to listener "Sensio\Bundle\FrameworkExtraBundle\EventListener\SecurityListener::onKernelController". [] []
[2014-05-15 23:29:07] event.DEBUG: Notified event "kernel.controller" to listener "Sensio\Bundle\FrameworkExtraBundle\EventListener\TemplateListener::onKernelController". [] []
[2014-05-15 23:29:07] event.DEBUG: Notified event "kernel.response" to listener "Symfony\Component\HttpKernel\EventListener\ResponseListener::onKernelResponse". [] []
[2014-05-15 23:29:07] event.DEBUG: Notified event "kernel.response" to listener "Symfony\Component\Security\Http\RememberMe\ResponseListener::onKernelResponse". [] []
[2014-05-15 23:29:07] event.DEBUG: Notified event "kernel.response" to listener "Sensio\Bundle\FrameworkExtraBundle\EventListener\HttpCacheListener::onKernelResponse". [] []
[2014-05-15 23:29:07] event.DEBUG: Notified event "kernel.response" to listener "Symfony\Component\HttpKernel\EventListener\ProfilerListener::onKernelResponse". [] []
[2014-05-15 23:29:07] event.DEBUG: Notified event "kernel.response" to listener "Symfony\Component\HttpKernel\EventListener\StreamedResponseListener::onKernelResponse". [] []
[2014-05-15 23:29:07] event.DEBUG: Notified event "kernel.finish_request" to listener "Symfony\Component\HttpKernel\EventListener\LocaleListener::onKernelFinishRequest". [] []
[2014-05-15 23:29:07] event.DEBUG: Notified event "kernel.finish_request" to listener "Symfony\Component\HttpKernel\EventListener\RouterListener::onKernelFinishRequest". [] []
[2014-05-15 23:29:07] event.DEBUG: Notified event "kernel.finish_request" to listener "Symfony\Component\Security\Http\Firewall::onKernelFinishRequest". [] []
[2014-05-15 23:29:07] event.DEBUG: Notified event "kernel.terminate" to listener "Symfony\Bundle\SwiftmailerBundle\EventListener\EmailSenderListener::onTerminate". [] []
[2014-05-15 23:29:07] event.DEBUG: Notified event "kernel.terminate" to listener "Symfony\Component\HttpKernel\EventListener\ProfilerListener::onKernelTerminate". [] []
[2014-05-15 23:40:15] event.DEBUG: Notified event "kernel.request" to listener "Symfony\Component\HttpKernel\EventListener\ProfilerListener::onKernelRequest". [] []
[2014-05-15 23:40:15] event.DEBUG: Notified event "kernel.request" to listener "Symfony\Bundle\FrameworkBundle\EventListener\SessionListener::onKernelRequest". [] []
[2014-05-15 23:40:15] event.DEBUG: Notified event "kernel.request" to listener "Symfony\Component\HttpKernel\EventListener\FragmentListener::onKernelRequest". [] []
[2014-05-15 23:40:15] event.DEBUG: Notified event "kernel.request" to listener "Symfony\Component\HttpKernel\EventListener\RouterListener::onKernelRequest". [] []
[2014-05-15 23:40:16] request.INFO: Matched route "VAMAB_homepage" (parameters: "_controller": "VDG\AulasMentor\AlimentosBundle\Controller\DefaultController::indexAction", "_route": "VAMAB_homepage") [] []
[2014-05-15 23:40:16] event.DEBUG: Notified event "kernel.request" to listener "Symfony\Component\HttpKernel\EventListener\LocaleListener::onKernelRequest". [] []
[2014-05-15 23:40:16] event.DEBUG: Notified event "kernel.request" to listener "Symfony\Component\Security\Http\Firewall::onKernelRequest". [] []
[2014-05-15 23:40:16] event.DEBUG: Notified event "kernel.request" to listener "Symfony\Bundle\AsseticBundle\EventListener\RequestListener::onKernelRequest". [] []
[2014-05-15 23:40:16] event.DEBUG: Notified event "kernel.request" to listener "Symfony\Component\HttpKernel\EventListener\ErrorsLoggerListener::injectLogger". [] []
[2014-05-15 23:40:16] event.DEBUG: Notified event "kernel.request" to listener "Symfony\Component\HttpKernel\EventListener\ErrorsLoggerListener::injectLogger". [] []
[2014-05-15 23:40:16] event.DEBUG: Notified event "kernel.controller" to listener "Symfony\Bundle\FrameworkBundle\DataCollector\RouterDataCollector::onKernelController". [] []
[2014-05-15 23:40:16] event.DEBUG: Notified event "kernel.controller" to listener "Acme\DemoBundle\EventListener\ControllerListener::onKernelController". [] []
[2014-05-15 23:40:16] event.DEBUG: Notified event "kernel.controller" to listener "Symfony\Component\HttpKernel\DataCollector\RequestDataCollector::onKernelController". [] []
[2014-05-15 23:40:16] event.DEBUG: Notified event "kernel.controller" to listener "Sensio\Bundle\FrameworkExtraBundle\EventListener\ControllerListener::onKernelController". [] []
[2014-05-15 23:40:16] event.DEBUG: Notified event "kernel.controller" to listener "Sensio\Bundle\FrameworkExtraBundle\EventListener\ParamConverterListener::onKernelController". [] []
[2014-05-15 23:40:16] event.DEBUG: Notified event "kernel.controller" to listener "Sensio\Bundle\FrameworkExtraBundle\EventListener\HttpCacheListener::onKernelController". [] []
[2014-05-15 23:40:16] event.DEBUG: Notified event "kernel.controller" to listener "Sensio\Bundle\FrameworkExtraBundle\EventListener\SecurityListener::onKernelController". [] []
[2014-05-15 23:40:16] event.DEBUG: Notified event "kernel.controller" to listener "Sensio\Bundle\FrameworkExtraBundle\EventListener\TemplateListener::onKernelController". [] []
[2014-05-15 23:40:16] event.DEBUG: Notified event "kernel.response" to listener "Symfony\Component\HttpKernel\EventListener\ResponseListener::onKernelResponse". [] []
[2014-05-15 23:40:16] event.DEBUG: Notified event "kernel.response" to listener "Symfony\Component\Security\Http\RememberMe\ResponseListener::onKernelResponse". [] []
[2014-05-15 23:40:16] event.DEBUG: Notified event "kernel.response" to listener "Sensio\Bundle\FrameworkExtraBundle\EventListener\HttpCacheListener::onKernelResponse". [] []
[2014-05-15 23:40:16] event.DEBUG: Notified event "kernel.response" to listener "Symfony\Component\HttpKernel\EventListener\ProfilerListener::onKernelResponse". [] []
[2014-05-15 23:40:16] event.DEBUG: Notified event "kernel.response" to listener "Symfony\Component\HttpKernel\EventListener\StreamedResponseListener::onKernelResponse". [] []
[2014-05-15 23:40:16] event.DEBUG: Notified event "kernel.finish_request" to listener "Symfony\Component\HttpKernel\EventListener\LocaleListener::onKernelFinishRequest". [] []
[2014-05-15 23:40:16] event.DEBUG: Notified event "kernel.finish_request" to listener "Symfony\Component\HttpKernel\EventListener\RouterListener::onKernelFinishRequest". [] []
[2014-05-15 23:40:16] event.DEBUG: Notified event "kernel.finish_request" to listener "Symfony\Component\Security\Http\Firewall::onKernelFinishRequest". [] []
[2014-05-15 23:40:16] event.DEBUG: Notified event "kernel.terminate" to listener "Symfony\Bundle\SwiftmailerBundle\EventListener\EmailSenderListener::onTerminate". [] []
[2014-05-15 23:40:16] event.DEBUG: Notified event "kernel.terminate" to listener "Symfony\Component\HttpKernel\EventListener\ProfilerListener::onKernelTerminate". [] []
[2014-05-16 01:50:36] event.DEBUG: Notified event "kernel.request" to listener "Symfony\Component\HttpKernel\EventListener\ProfilerListener::onKernelRequest". [] []
[2014-05-16 01:50:36] event.DEBUG: Notified event "kernel.request" to listener "Symfony\Bundle\FrameworkBundle\EventListener\SessionListener::onKernelRequest". [] []
[2014-05-16 01:50:36] event.DEBUG: Notified event "kernel.request" to listener "Symfony\Component\HttpKernel\EventListener\FragmentListener::onKernelRequest". [] []
[2014-05-16 01:50:36] event.DEBUG: Notified event "kernel.request" to listener "Symfony\Component\HttpKernel\EventListener\RouterListener::onKernelRequest". [] []
[2014-05-16 01:50:37] request.INFO: Matched route "VAMAB_homepage" (parameters: "_controller": "VDG\AulasMentor\AlimentosBundle\Controller\DefaultController::indexAction", "_route": "VAMAB_homepage") [] []
[2014-05-16 01:50:37] event.DEBUG: Notified event "kernel.request" to listener "Symfony\Component\HttpKernel\EventListener\LocaleListener::onKernelRequest". [] []
[2014-05-16 01:50:37] event.DEBUG: Notified event "kernel.request" to listener "Symfony\Component\Security\Http\Firewall::onKernelRequest". [] []
[2014-05-16 01:50:37] event.DEBUG: Notified event "kernel.request" to listener "Symfony\Bundle\AsseticBundle\EventListener\RequestListener::onKernelRequest". [] []
[2014-05-16 01:50:37] event.DEBUG: Notified event "kernel.request" to listener "Symfony\Component\HttpKernel\EventListener\ErrorsLoggerListener::injectLogger". [] []
[2014-05-16 01:50:37] event.DEBUG: Notified event "kernel.request" to listener "Symfony\Component\HttpKernel\EventListener\ErrorsLoggerListener::injectLogger". [] []
[2014-05-16 01:50:37] event.DEBUG: Notified event "kernel.controller" to listener "Symfony\Bundle\FrameworkBundle\DataCollector\RouterDataCollector::onKernelController". [] []
[2014-05-16 01:50:37] event.DEBUG: Notified event "kernel.controller" to listener "Acme\DemoBundle\EventListener\ControllerListener::onKernelController". [] []
[2014-05-16 01:50:37] event.DEBUG: Notified event "kernel.controller" to listener "Symfony\Component\HttpKernel\DataCollector\RequestDataCollector::onKernelController". [] []
[2014-05-16 01:50:37] event.DEBUG: Notified event "kernel.controller" to listener "Sensio\Bundle\FrameworkExtraBundle\EventListener\ControllerListener::onKernelController". [] []
[2014-05-16 01:50:37] event.DEBUG: Notified event "kernel.controller" to listener "Sensio\Bundle\FrameworkExtraBundle\EventListener\ParamConverterListener::onKernelController". [] []
[2014-05-16 01:50:37] event.DEBUG: Notified event "kernel.controller" to listener "Sensio\Bundle\FrameworkExtraBundle\EventListener\HttpCacheListener::onKernelController". [] []
[2014-05-16 01:50:37] event.DEBUG: Notified event "kernel.controller" to listener "Sensio\Bundle\FrameworkExtraBundle\EventListener\SecurityListener::onKernelController". [] []
[2014-05-16 01:50:37] event.DEBUG: Notified event "kernel.controller" to listener "Sensio\Bundle\FrameworkExtraBundle\EventListener\TemplateListener::onKernelController". [] []
[2014-05-16 01:50:37] event.DEBUG: Notified event "kernel.exception" to listener "Symfony\Component\HttpKernel\EventListener\ProfilerListener::onKernelException". [] []
[2014-05-16 01:50:37] event.DEBUG: Notified event "kernel.exception" to listener "Symfony\Component\HttpKernel\EventListener\ExceptionListener::onKernelException". [] []
[2014-05-16 01:50:37] request.CRITICAL: Uncaught PHP Exception Twig_Error_Runtime: "An exception has been thrown during the rendering of a template ("Unable to generate a URL for the named route "VAMAB_buscarEnergia" as such route does not exist.") in "VDGAulasMentorAlimentosBundle:Default:cabecera.html.twig" at line 10." at C:\wamp\www\alimentos2\app\cache\pru\classes.php line 4521 {"exception":"[object] (Twig_Error_Runtime: An exception has been thrown during the rendering of a template (\"Unable to generate a URL for the named route \"VAMAB_buscarEnergia\" as such route does not exist.\") in \"VDGAulasMentorAlimentosBundle:Default:cabecera.html.twig\" at line 10. at C:\\wamp\\www\\alimentos2\\app\\cache\\pru\\classes.php:4521, Symfony\\Component\\Routing\\Exception\\RouteNotFoundException: Unable to generate a URL for the named route \"VAMAB_buscarEnergia\" as such route does not exist. at C:\\wamp\\www\\alimentos2\\app\\cache\\pru\\appPruUrlGenerator.php:64)"} []
[2014-05-16 01:50:37] event.DEBUG: Notified event "kernel.request" to listener "Symfony\Component\HttpKernel\EventListener\ProfilerListener::onKernelRequest". [] []
[2014-05-16 01:50:37] event.DEBUG: Notified event "kernel.request" to listener "Symfony\Bundle\FrameworkBundle\EventListener\SessionListener::onKernelRequest". [] []
[2014-05-16 01:50:37] event.DEBUG: Notified event "kernel.request" to listener "Symfony\Component\HttpKernel\EventListener\FragmentListener::onKernelRequest". [] []
[2014-05-16 01:50:37] event.DEBUG: Notified event "kernel.request" to listener "Symfony\Component\HttpKernel\EventListener\RouterListener::onKernelRequest". [] []
[2014-05-16 01:50:37] event.DEBUG: Notified event "kernel.request" to listener "Symfony\Component\HttpKernel\EventListener\LocaleListener::onKernelRequest". [] []
[2014-05-16 01:50:37] event.DEBUG: Notified event "kernel.request" to listener "Symfony\Component\Security\Http\Firewall::onKernelRequest". [] []
[2014-05-16 01:50:37] event.DEBUG: Notified event "kernel.request" to listener "Symfony\Bundle\AsseticBundle\EventListener\RequestListener::onKernelRequest". [] []
[2014-05-16 01:50:37] event.DEBUG: Notified event "kernel.request" to listener "Symfony\Component\HttpKernel\EventListener\ErrorsLoggerListener::injectLogger". [] []
[2014-05-16 01:50:37] event.DEBUG: Notified event "kernel.request" to listener "Symfony\Component\HttpKernel\EventListener\ErrorsLoggerListener::injectLogger". [] []
[2014-05-16 01:50:37] event.DEBUG: Notified event "kernel.controller" to listener "Symfony\Bundle\FrameworkBundle\DataCollector\RouterDataCollector::onKernelController". [] []
[2014-05-16 01:50:37] event.DEBUG: Notified event "kernel.controller" to listener "Acme\DemoBundle\EventListener\ControllerListener::onKernelController". [] []
[2014-05-16 01:50:37] event.DEBUG: Notified event "kernel.controller" to listener "Symfony\Component\HttpKernel\DataCollector\RequestDataCollector::onKernelController". [] []
[2014-05-16 01:50:37] event.DEBUG: Notified event "kernel.controller" to listener "Sensio\Bundle\FrameworkExtraBundle\EventListener\ControllerListener::onKernelController". [] []
[2014-05-16 01:50:37] event.DEBUG: Notified event "kernel.controller" to listener "Sensio\Bundle\FrameworkExtraBundle\EventListener\ParamConverterListener::onKernelController". [] []
[2014-05-16 01:50:37] event.DEBUG: Notified event "kernel.controller" to listener "Sensio\Bundle\FrameworkExtraBundle\EventListener\HttpCacheListener::onKernelController". [] []
[2014-05-16 01:50:37] event.DEBUG: Notified event "kernel.controller" to listener "Sensio\Bundle\FrameworkExtraBundle\EventListener\SecurityListener::onKernelController". [] []
[2014-05-16 01:50:37] event.DEBUG: Notified event "kernel.controller" to listener "Sensio\Bundle\FrameworkExtraBundle\EventListener\TemplateListener::onKernelController". [] []
[2014-05-16 01:50:38] event.DEBUG: Notified event "kernel.response" to listener "Symfony\Component\HttpKernel\EventListener\ResponseListener::onKernelResponse". [] []
[2014-05-16 01:50:38] event.DEBUG: Notified event "kernel.response" to listener "Symfony\Component\Security\Http\RememberMe\ResponseListener::onKernelResponse". [] []
[2014-05-16 01:50:38] event.DEBUG: Notified event "kernel.response" to listener "Sensio\Bundle\FrameworkExtraBundle\EventListener\HttpCacheListener::onKernelResponse". [] []
[2014-05-16 01:50:38] event.DEBUG: Notified event "kernel.response" to listener "Symfony\Component\HttpKernel\EventListener\ProfilerListener::onKernelResponse". [] []
[2014-05-16 01:50:38] event.DEBUG: Notified event "kernel.response" to listener "Symfony\Component\HttpKernel\EventListener\StreamedResponseListener::onKernelResponse". [] []
[2014-05-16 01:50:38] event.DEBUG: Notified event "kernel.finish_request" to listener "Symfony\Component\HttpKernel\EventListener\LocaleListener::onKernelFinishRequest". [] []
[2014-05-16 01:50:38] event.DEBUG: Notified event "kernel.finish_request" to listener "Symfony\Component\HttpKernel\EventListener\RouterListener::onKernelFinishRequest". [] []
[2014-05-16 01:50:38] event.DEBUG: Notified event "kernel.finish_request" to listener "Symfony\Component\Security\Http\Firewall::onKernelFinishRequest". [] []
[2014-05-16 01:50:38] event.DEBUG: Listener "Symfony\Component\HttpKernel\EventListener\ExceptionListener::onKernelException" stopped propagation of the event "kernel.exception". [] []
[2014-05-16 01:50:38] event.DEBUG: Notified event "kernel.response" to listener "Symfony\Component\HttpKernel\EventListener\ResponseListener::onKernelResponse". [] []
[2014-05-16 01:50:38] event.DEBUG: Notified event "kernel.response" to listener "Symfony\Component\Security\Http\RememberMe\ResponseListener::onKernelResponse". [] []
[2014-05-16 01:50:38] event.DEBUG: Notified event "kernel.response" to listener "Sensio\Bundle\FrameworkExtraBundle\EventListener\HttpCacheListener::onKernelResponse". [] []
[2014-05-16 01:50:38] event.DEBUG: Notified event "kernel.response" to listener "Symfony\Component\HttpKernel\EventListener\ProfilerListener::onKernelResponse". [] []
[2014-05-16 01:50:38] event.DEBUG: Notified event "kernel.response" to listener "Symfony\Component\HttpKernel\EventListener\StreamedResponseListener::onKernelResponse". [] []
[2014-05-16 01:50:38] event.DEBUG: Notified event "kernel.finish_request" to listener "Symfony\Component\HttpKernel\EventListener\LocaleListener::onKernelFinishRequest". [] []
[2014-05-16 01:50:38] event.DEBUG: Notified event "kernel.finish_request" to listener "Symfony\Component\HttpKernel\EventListener\RouterListener::onKernelFinishRequest". [] []
[2014-05-16 01:50:38] event.DEBUG: Notified event "kernel.finish_request" to listener "Symfony\Component\Security\Http\Firewall::onKernelFinishRequest". [] []
[2014-05-16 01:50:38] event.DEBUG: Notified event "kernel.terminate" to listener "Symfony\Bundle\SwiftmailerBundle\EventListener\EmailSenderListener::onTerminate". [] []
[2014-05-16 01:50:38] event.DEBUG: Notified event "kernel.terminate" to listener "Symfony\Component\HttpKernel\EventListener\ProfilerListener::onKernelTerminate". [] []
